---------------------------------------------------------------
[ 2020-07-15T16:57:17+08:00 ] 127.0.0.1 POST www.shop215.cc/index.php?s=/api/supplier/getSupplierSetting
[ sql ] [ DB ] CONNECT:[ UseTime:0.085083s ] mysql:host=47.104.188.74;port=3306;dbname=shop215_qiweido;charset=utf8
[ sql ] [ SQL ] SHOW COLUMNS FROM `yoshop_wxapp` [ RunTime:0.055661s ]
[ sql ] [ SQL ] SELECT * FROM `yoshop_wxapp` WHERE  `yoshop_wxapp`.`wxapp_id` = '10001'  AND `wxapp_id` = 10001 LIMIT 1 [ RunTime:0.057930s ]
---------------------------------------------------------------
[ 2020-07-15T16:57:18+08:00 ] 127.0.0.1 POST www.shop215.cc/index.php?s=/api/ccity/cinfo
[ sql ] [ DB ] CONNECT:[ UseTime:0.090271s ] mysql:host=47.104.188.74;port=3306;dbname=shop215_qiweido;charset=utf8
[ sql ] [ SQL ] SHOW COLUMNS FROM `yoshop_wxapp` [ RunTime:0.058829s ]
[ sql ] [ SQL ] SELECT * FROM `yoshop_wxapp` WHERE  `yoshop_wxapp`.`wxapp_id` = '10001'  AND `wxapp_id` = 10001 LIMIT 1 [ RunTime:0.058766s ]
---------------------------------------------------------------
[ 2020-07-15T16:57:19+08:00 ] 127.0.0.1 GET www.shop215.cc/index.php?s=/api/page/index&page_id=0&wxapp_id=10001&cityId=1047&cityName=%E5%90%88%E8%82%A5%E5%B8%82&token=8ea05e0ee04c40954500fd18e8b1d0a7
[ sql ] [ DB ] CONNECT:[ UseTime:0.078995s ] mysql:host=47.104.188.74;port=3306;dbname=shop215_qiweido;charset=utf8
[ sql ] [ SQL ] SHOW COLUMNS FROM `yoshop_wxapp` [ RunTime:0.052575s ]
[ sql ] [ SQL ] SELECT * FROM `yoshop_wxapp` WHERE  `yoshop_wxapp`.`wxapp_id` = '10001'  AND `wxapp_id` = 10001 LIMIT 1 [ RunTime:0.052051s ]
[ sql ] [ SQL ] SHOW COLUMNS FROM `yoshop_user` [ RunTime:0.053526s ]
[ sql ] [ SQL ] SHOW COLUMNS FROM `yoshop_user_address` [ RunTime:0.052113s ]
[ sql ] [ SQL ] SHOW COLUMNS FROM `yoshop_user_grade` [ RunTime:0.053136s ]
[ sql ] [ SQL ] SELECT * FROM `yoshop_user_grade` WHERE  `yoshop_user_grade`.`wxapp_id` = '10001'  AND `status` = 1  AND `is_delete` = 0  AND `wxapp_id` = 10001 ORDER BY `weight` DESC [ RunTime:0.051698s ]
[ sql ] [ SQL ] SELECT * FROM `yoshop_user` WHERE  `yoshop_user`.`wxapp_id` = '10001'  AND `is_delete` = 0  AND `open_id` IS NULL LIMIT 1 [ RunTime:0.051361s ]
[ sql ] [ SQL ] SHOW COLUMNS FROM `yoshop_wxapp_page` [ RunTime:0.051764s ]
[ sql ] [ SQL ] SELECT * FROM `yoshop_wxapp_page` WHERE  `yoshop_wxapp_page`.`wxapp_id` = '10001'  AND `page_type` = 10 LIMIT 1 [ RunTime:0.051859s ]
[ sql ] [ SQL ] SHOW COLUMNS FROM `yoshop_article` [ RunTime:0.052028s ]
[ sql ] [ SQL ] SHOW COLUMNS FROM `yoshop_article_category` [ RunTime:0.051387s ]
[ sql ] [ SQL ] SELECT COUNT(*) AS tp_count FROM `yoshop_article` WHERE  `yoshop_article`.`wxapp_id` = '10001'  AND `article_status` = 1  AND `is_delete` = 0 LIMIT 1 [ RunTime:0.068665s ]
[ sql ] [ SQL ] SELECT `article_id`,`article_title`,`show_type`,`category_id`,`image_id`,`article_sort`,`article_status`,`virtual_views`,`actual_views`,`is_delete`,`wxapp_id`,`create_time`,`update_time` FROM `yoshop_article` WHERE  `yoshop_article`.`wxapp_id` = '10001'  AND `article_status` = 1  AND `is_delete` = 0 ORDER BY `article_sort` ASC,`create_time` DESC LIMIT 0,6 [ RunTime:0.059558s ]
[ sql ] [ SQL ] SHOW COLUMNS FROM `yoshop_merchant_setting` [ RunTime:0.051880s ]
[ sql ] [ SQL ] SELECT * FROM `yoshop_merchant_setting` WHERE  `key` = 'basic' LIMIT 1 [ RunTime:0.077514s ]
[ sql ] [ SQL ] SHOW COLUMNS FROM `yoshop_merchant_active` [ RunTime:0.051622s ]
[ sql ] [ SQL ] SELECT `active_id` FROM `yoshop_merchant_active` WHERE  `city_id` = 1047 GROUP BY `active_id` [ RunTime:0.051164s ]
[ sql ] [ SQL ] SHOW COLUMNS FROM `yoshop_coupon` [ RunTime:0.051633s ]
[ sql ] [ SQL ] SELECT * FROM `yoshop_coupon` WHERE  ( `yoshop_coupon`.`wxapp_id` = '10001' AND `yoshop_coupon`.`wxapp_id` = '10001' AND `yoshop_coupon`.`wxapp_id` = '10001' )  AND `is_delete` = 0  AND (  	IF ( `total_num` > - 1, `receive_num` < `total_num`, 1 = 1 ) )  AND (  IF ( `expire_type` = 20, (`end_time` + 86400) >= 1594803438, 1 = 1 ) )  AND `supplier_id` IN (10032) OR `supplier_id` = 0 ORDER BY `sort` ASC,`create_time` DESC LIMIT 5 [ RunTime:0.051821s ]
[ sql ] [ SQL ] SHOW COLUMNS FROM `yoshop_goods` [ RunTime:0.051624s ]
[ sql ] [ SQL ] SHOW COLUMNS FROM `yoshop_category` [ RunTime:0.051401s ]
[ sql ] [ SQL ] SELECT `goods_id`,`goods_name`,`selling_point`,`category_id`,`spec_type`,`deduct_stock_type`,`sales_initial`,`sales_actual`,`goods_sort`,`delivery_id`,`is_points_gift`,`is_points_discount`,`is_enable_grade`,`is_alone_grade`,`alone_grade_equity`,`is_ind_dealer`,`dealer_money_type`,`first_money`,`second_money`,`third_money`,`goods_status`,`is_delete`,`wxapp_id`,`create_time`,`update_time`,`supplier_id` FROM `yoshop_goods` WHERE  ( `yoshop_goods`.`wxapp_id` = '10001' AND `yoshop_goods`.`wxapp_id` = '10001' )  AND `goods_id` IN (10087,10085,10084,10086,10083)  AND `goods_status` = 10 ORDER BY field(goods_id, 10087,10085,10084,10086,10083) [ RunTime:0.055969s ]
[ sql ] [ SQL ] SELECT * FROM `yoshop_category` WHERE  `yoshop_category`.`wxapp_id` = '10001'  AND `category_id` IN (10056) [ RunTime:0.051477s ]
[ sql ] [ SQL ] SHOW COLUMNS FROM `yoshop_goods_image` [ RunTime:0.051842s ]
[ sql ] [ SQL ] SELECT * FROM `yoshop_goods_image` WHERE  `yoshop_goods_image`.`wxapp_id` = '10001'  AND `goods_id` IN (10087,10085,10084,10086,10083) ORDER BY `id` ASC [ RunTime:0.051141s ]
[ sql ] [ SQL ] SHOW COLUMNS FROM `yoshop_upload_file` [ RunTime:0.051442s ]
[ sql ] [ SQL ] SELECT * FROM `yoshop_upload_file` WHERE  `yoshop_upload_file`.`wxapp_id` = '10001'  AND `file_id` IN (10257,10256,10255,10254,10253) [ RunTime:0.051881s ]
[ sql ] [ SQL ] SHOW COLUMNS FROM `yoshop_goods_sku` [ RunTime:0.051350s ]
[ sql ] [ SQL ] SELECT * FROM `yoshop_goods_sku` WHERE  `yoshop_goods_sku`.`wxapp_id` = '10001'  AND `goods_id` IN (10087,10085,10084,10086,10083) ORDER BY `goods_sku_id` ASC [ RunTime:0.051386s ]
---------------------------------------------------------------
[ 2020-07-15T16:57:19+08:00 ] 127.0.0.1 GET www.shop215.cc/index.php?s=/api/page/index&page_id=0&wxapp_id=10001&cityId=1047&cityName=%E5%90%88%E8%82%A5%E5%B8%82&token=8ea05e0ee04c40954500fd18e8b1d0a7
[ sql ] [ DB ] CONNECT:[ UseTime:0.063775s ] mysql:host=47.104.188.74;port=3306;dbname=shop215_qiweido;charset=utf8
[ sql ] [ SQL ] SHOW COLUMNS FROM `yoshop_wxapp` [ RunTime:0.041467s ]
[ sql ] [ SQL ] SELECT * FROM `yoshop_wxapp` WHERE  `yoshop_wxapp`.`wxapp_id` = '10001'  AND `wxapp_id` = 10001 LIMIT 1 [ RunTime:0.041140s ]
[ sql ] [ SQL ] SHOW COLUMNS FROM `yoshop_user` [ RunTime:0.041275s ]
[ sql ] [ SQL ] SHOW COLUMNS FROM `yoshop_user_address` [ RunTime:0.058648s ]
[ sql ] [ SQL ] SHOW COLUMNS FROM `yoshop_user_grade` [ RunTime:0.052749s ]
[ sql ] [ SQL ] SELECT * FROM `yoshop_user` WHERE  `yoshop_user`.`wxapp_id` = '10001'  AND `is_delete` = 0  AND `open_id` IS NULL LIMIT 1 [ RunTime:0.041334s ]
[ sql ] [ SQL ] SHOW COLUMNS FROM `yoshop_wxapp_page` [ RunTime:0.041155s ]
[ sql ] [ SQL ] SELECT * FROM `yoshop_wxapp_page` WHERE  `yoshop_wxapp_page`.`wxapp_id` = '10001'  AND `page_type` = 10 LIMIT 1 [ RunTime:0.040806s ]
[ sql ] [ SQL ] SHOW COLUMNS FROM `yoshop_article` [ RunTime:0.040887s ]
[ sql ] [ SQL ] SHOW COLUMNS FROM `yoshop_article_category` [ RunTime:0.041075s ]
[ sql ] [ SQL ] SELECT COUNT(*) AS tp_count FROM `yoshop_article` WHERE  `yoshop_article`.`wxapp_id` = '10001'  AND `article_status` = 1  AND `is_delete` = 0 LIMIT 1 [ RunTime:0.040608s ]
[ sql ] [ SQL ] SELECT `article_id`,`article_title`,`show_type`,`category_id`,`image_id`,`article_sort`,`article_status`,`virtual_views`,`actual_views`,`is_delete`,`wxapp_id`,`create_time`,`update_time` FROM `yoshop_article` WHERE  `yoshop_article`.`wxapp_id` = '10001'  AND `article_status` = 1  AND `is_delete` = 0 ORDER BY `article_sort` ASC,`create_time` DESC LIMIT 0,6 [ RunTime:0.041094s ]
[ sql ] [ SQL ] SHOW COLUMNS FROM `yoshop_merchant_setting` [ RunTime:0.040608s ]
[ sql ] [ SQL ] SELECT * FROM `yoshop_merchant_setting` WHERE  `key` = 'basic' LIMIT 1 [ RunTime:0.061365s ]
[ sql ] [ SQL ] SHOW COLUMNS FROM `yoshop_merchant_active` [ RunTime:0.040833s ]
[ sql ] [ SQL ] SELECT `active_id` FROM `yoshop_merchant_active` WHERE  `city_id` = 1047 GROUP BY `active_id` [ RunTime:0.040659s ]
[ sql ] [ SQL ] SHOW COLUMNS FROM `yoshop_coupon` [ RunTime:0.040945s ]
[ sql ] [ SQL ] SELECT * FROM `yoshop_coupon` WHERE  ( `yoshop_coupon`.`wxapp_id` = '10001' AND `yoshop_coupon`.`wxapp_id` = '10001' AND `yoshop_coupon`.`wxapp_id` = '10001' )  AND `is_delete` = 0  AND (  	IF ( `total_num` > - 1, `receive_num` < `total_num`, 1 = 1 ) )  AND (  IF ( `expire_type` = 20, (`end_time` + 86400) >= 1594803439, 1 = 1 ) )  AND `supplier_id` IN (10032) OR `supplier_id` = 0 ORDER BY `sort` ASC,`create_time` DESC LIMIT 5 [ RunTime:0.041195s ]
[ sql ] [ SQL ] SHOW COLUMNS FROM `yoshop_goods` [ RunTime:0.042047s ]
[ sql ] [ SQL ] SHOW COLUMNS FROM `yoshop_category` [ RunTime:0.041263s ]
[ sql ] [ SQL ] SELECT `goods_id`,`goods_name`,`selling_point`,`category_id`,`spec_type`,`deduct_stock_type`,`sales_initial`,`sales_actual`,`goods_sort`,`delivery_id`,`is_points_gift`,`is_points_discount`,`is_enable_grade`,`is_alone_grade`,`alone_grade_equity`,`is_ind_dealer`,`dealer_money_type`,`first_money`,`second_money`,`third_money`,`goods_status`,`is_delete`,`wxapp_id`,`create_time`,`update_time`,`supplier_id` FROM `yoshop_goods` WHERE  ( `yoshop_goods`.`wxapp_id` = '10001' AND `yoshop_goods`.`wxapp_id` = '10001' )  AND `goods_id` IN (10087,10085,10084,10086,10083)  AND `goods_status` = 10 ORDER BY field(goods_id, 10087,10085,10084,10086,10083) [ RunTime:0.041387s ]
[ sql ] [ SQL ] SELECT * FROM `yoshop_category` WHERE  `yoshop_category`.`wxapp_id` = '10001'  AND `category_id` IN (10056) [ RunTime:0.040719s ]
[ sql ] [ SQL ] SHOW COLUMNS FROM `yoshop_goods_image` [ RunTime:0.040954s ]
[ sql ] [ SQL ] SELECT * FROM `yoshop_goods_image` WHERE  `yoshop_goods_image`.`wxapp_id` = '10001'  AND `goods_id` IN (10087,10085,10084,10086,10083) ORDER BY `id` ASC [ RunTime:0.041033s ]
[ sql ] [ SQL ] SHOW COLUMNS FROM `yoshop_upload_file` [ RunTime:0.040961s ]
[ sql ] [ SQL ] SELECT * FROM `yoshop_upload_file` WHERE  `yoshop_upload_file`.`wxapp_id` = '10001'  AND `file_id` IN (10257,10256,10255,10254,10253) [ RunTime:0.040950s ]
[ sql ] [ SQL ] SHOW COLUMNS FROM `yoshop_goods_sku` [ RunTime:0.040876s ]
[ sql ] [ SQL ] SELECT * FROM `yoshop_goods_sku` WHERE  `yoshop_goods_sku`.`wxapp_id` = '10001'  AND `goods_id` IN (10087,10085,10084,10086,10083) ORDER BY `goods_sku_id` ASC [ RunTime:0.040682s ]
---------------------------------------------------------------
[ 2020-07-15T16:57:25+08:00 ] 127.0.0.1 POST www.shop215.cc/index.php?s=/api/supplier/getSupplierSetting
[ sql ] [ DB ] CONNECT:[ UseTime:0.069894s ] mysql:host=47.104.188.74;port=3306;dbname=shop215_qiweido;charset=utf8
[ sql ] [ SQL ] SHOW COLUMNS FROM `yoshop_wxapp` [ RunTime:0.044333s ]
[ sql ] [ SQL ] SELECT * FROM `yoshop_wxapp` WHERE  `yoshop_wxapp`.`wxapp_id` = '10001'  AND `wxapp_id` = 10001 LIMIT 1 [ RunTime:0.044089s ]
---------------------------------------------------------------
[ 2020-07-15T16:57:25+08:00 ] 127.0.0.1 POST www.shop215.cc/index.php?s=/api/ccity/cinfo
[ sql ] [ DB ] CONNECT:[ UseTime:0.074625s ] mysql:host=47.104.188.74;port=3306;dbname=shop215_qiweido;charset=utf8
[ sql ] [ SQL ] SHOW COLUMNS FROM `yoshop_wxapp` [ RunTime:0.049811s ]
[ sql ] [ SQL ] SELECT * FROM `yoshop_wxapp` WHERE  `yoshop_wxapp`.`wxapp_id` = '10001'  AND `wxapp_id` = 10001 LIMIT 1 [ RunTime:0.049421s ]
---------------------------------------------------------------
[ 2020-07-15T16:57:26+08:00 ] 127.0.0.1 GET www.shop215.cc/index.php?s=/api/page/index&page_id=0&wxapp_id=10001&cityId=1047&cityName=%E5%90%88%E8%82%A5%E5%B8%82&token=8ea05e0ee04c40954500fd18e8b1d0a7
[ sql ] [ DB ] CONNECT:[ UseTime:0.060247s ] mysql:host=47.104.188.74;port=3306;dbname=shop215_qiweido;charset=utf8
[ sql ] [ SQL ] SHOW COLUMNS FROM `yoshop_wxapp` [ RunTime:0.040081s ]
[ sql ] [ SQL ] SELECT * FROM `yoshop_wxapp` WHERE  `yoshop_wxapp`.`wxapp_id` = '10001'  AND `wxapp_id` = 10001 LIMIT 1 [ RunTime:0.041582s ]
[ sql ] [ SQL ] SHOW COLUMNS FROM `yoshop_user` [ RunTime:0.040733s ]
[ sql ] [ SQL ] SHOW COLUMNS FROM `yoshop_user_address` [ RunTime:0.040801s ]
[ sql ] [ SQL ] SHOW COLUMNS FROM `yoshop_user_grade` [ RunTime:0.040083s ]
[ sql ] [ SQL ] SELECT * FROM `yoshop_user` WHERE  `yoshop_user`.`wxapp_id` = '10001'  AND `is_delete` = 0  AND `open_id` IS NULL LIMIT 1 [ RunTime:0.040091s ]
[ sql ] [ SQL ] SHOW COLUMNS FROM `yoshop_wxapp_page` [ RunTime:0.040017s ]
[ sql ] [ SQL ] SELECT * FROM `yoshop_wxapp_page` WHERE  `yoshop_wxapp_page`.`wxapp_id` = '10001'  AND `page_type` = 10 LIMIT 1 [ RunTime:0.039941s ]
[ sql ] [ SQL ] SHOW COLUMNS FROM `yoshop_article` [ RunTime:0.039704s ]
[ sql ] [ SQL ] SHOW COLUMNS FROM `yoshop_article_category` [ RunTime:0.039598s ]
[ sql ] [ SQL ] SELECT COUNT(*) AS tp_count FROM `yoshop_article` WHERE  `yoshop_article`.`wxapp_id` = '10001'  AND `article_status` = 1  AND `is_delete` = 0 LIMIT 1 [ RunTime:0.039471s ]
[ sql ] [ SQL ] SELECT `article_id`,`article_title`,`show_type`,`category_id`,`image_id`,`article_sort`,`article_status`,`virtual_views`,`actual_views`,`is_delete`,`wxapp_id`,`create_time`,`update_time` FROM `yoshop_article` WHERE  `yoshop_article`.`wxapp_id` = '10001'  AND `article_status` = 1  AND `is_delete` = 0 ORDER BY `article_sort` ASC,`create_time` DESC LIMIT 0,6 [ RunTime:0.039622s ]
[ sql ] [ SQL ] SHOW COLUMNS FROM `yoshop_merchant_setting` [ RunTime:0.039587s ]
[ sql ] [ SQL ] SELECT * FROM `yoshop_merchant_setting` WHERE  `key` = 'basic' LIMIT 1 [ RunTime:0.059821s ]
[ sql ] [ SQL ] SHOW COLUMNS FROM `yoshop_merchant_active` [ RunTime:0.039560s ]
[ sql ] [ SQL ] SELECT `active_id` FROM `yoshop_merchant_active` WHERE  `city_id` = 1047 GROUP BY `active_id` [ RunTime:0.039419s ]
[ sql ] [ SQL ] SHOW COLUMNS FROM `yoshop_coupon` [ RunTime:0.039784s ]
[ sql ] [ SQL ] SELECT * FROM `yoshop_coupon` WHERE  ( `yoshop_coupon`.`wxapp_id` = '10001' AND `yoshop_coupon`.`wxapp_id` = '10001' AND `yoshop_coupon`.`wxapp_id` = '10001' )  AND `is_delete` = 0  AND (  	IF ( `total_num` > - 1, `receive_num` < `total_num`, 1 = 1 ) )  AND (  IF ( `expire_type` = 20, (`end_time` + 86400) >= 1594803445, 1 = 1 ) )  AND `supplier_id` IN (10032) OR `supplier_id` = 0 ORDER BY `sort` ASC,`create_time` DESC LIMIT 5 [ RunTime:0.039911s ]
[ sql ] [ SQL ] SHOW COLUMNS FROM `yoshop_goods` [ RunTime:0.039793s ]
[ sql ] [ SQL ] SHOW COLUMNS FROM `yoshop_category` [ RunTime:0.039760s ]
[ sql ] [ SQL ] SELECT `goods_id`,`goods_name`,`selling_point`,`category_id`,`spec_type`,`deduct_stock_type`,`sales_initial`,`sales_actual`,`goods_sort`,`delivery_id`,`is_points_gift`,`is_points_discount`,`is_enable_grade`,`is_alone_grade`,`alone_grade_equity`,`is_ind_dealer`,`dealer_money_type`,`first_money`,`second_money`,`third_money`,`goods_status`,`is_delete`,`wxapp_id`,`create_time`,`update_time`,`supplier_id` FROM `yoshop_goods` WHERE  ( `yoshop_goods`.`wxapp_id` = '10001' AND `yoshop_goods`.`wxapp_id` = '10001' )  AND `goods_id` IN (10087,10085,10084,10086,10083)  AND `goods_status` = 10 ORDER BY field(goods_id, 10087,10085,10084,10086,10083) [ RunTime:0.040734s ]
[ sql ] [ SQL ] SELECT * FROM `yoshop_category` WHERE  `yoshop_category`.`wxapp_id` = '10001'  AND `category_id` IN (10056) [ RunTime:0.040210s ]
[ sql ] [ SQL ] SHOW COLUMNS FROM `yoshop_goods_image` [ RunTime:0.039778s ]
[ sql ] [ SQL ] SELECT * FROM `yoshop_goods_image` WHERE  `yoshop_goods_image`.`wxapp_id` = '10001'  AND `goods_id` IN (10087,10085,10084,10086,10083) ORDER BY `id` ASC [ RunTime:0.039669s ]
[ sql ] [ SQL ] SHOW COLUMNS FROM `yoshop_upload_file` [ RunTime:0.039693s ]
[ sql ] [ SQL ] SELECT * FROM `yoshop_upload_file` WHERE  `yoshop_upload_file`.`wxapp_id` = '10001'  AND `file_id` IN (10257,10256,10255,10254,10253) [ RunTime:0.039598s ]
[ sql ] [ SQL ] SHOW COLUMNS FROM `yoshop_goods_sku` [ RunTime:0.039513s ]
[ sql ] [ SQL ] SELECT * FROM `yoshop_goods_sku` WHERE  `yoshop_goods_sku`.`wxapp_id` = '10001'  AND `goods_id` IN (10087,10085,10084,10086,10083) ORDER BY `goods_sku_id` ASC [ RunTime:0.040756s ]
---------------------------------------------------------------
[ 2020-07-15T16:57:27+08:00 ] 127.0.0.1 GET www.shop215.cc/index.php?s=/api/page/index&page_id=0&wxapp_id=10001&cityId=1047&cityName=%E5%90%88%E8%82%A5%E5%B8%82&token=8ea05e0ee04c40954500fd18e8b1d0a7
[ sql ] [ DB ] CONNECT:[ UseTime:0.090754s ] mysql:host=47.104.188.74;port=3306;dbname=shop215_qiweido;charset=utf8
[ sql ] [ SQL ] SHOW COLUMNS FROM `yoshop_wxapp` [ RunTime:0.060439s ]
[ sql ] [ SQL ] SELECT * FROM `yoshop_wxapp` WHERE  `yoshop_wxapp`.`wxapp_id` = '10001'  AND `wxapp_id` = 10001 LIMIT 1 [ RunTime:0.060031s ]
[ sql ] [ SQL ] SHOW COLUMNS FROM `yoshop_user` [ RunTime:0.060479s ]
[ sql ] [ SQL ] SHOW COLUMNS FROM `yoshop_user_address` [ RunTime:0.060087s ]
[ sql ] [ SQL ] SHOW COLUMNS FROM `yoshop_user_grade` [ RunTime:0.060117s ]
[ sql ] [ SQL ] SELECT * FROM `yoshop_user` WHERE  `yoshop_user`.`wxapp_id` = '10001'  AND `is_delete` = 0  AND `open_id` IS NULL LIMIT 1 [ RunTime:0.061089s ]
[ sql ] [ SQL ] SHOW COLUMNS FROM `yoshop_wxapp_page` [ RunTime:0.060042s ]
[ sql ] [ SQL ] SELECT * FROM `yoshop_wxapp_page` WHERE  `yoshop_wxapp_page`.`wxapp_id` = '10001'  AND `page_type` = 10 LIMIT 1 [ RunTime:0.060031s ]
[ sql ] [ SQL ] SHOW COLUMNS FROM `yoshop_article` [ RunTime:0.060026s ]
[ sql ] [ SQL ] SHOW COLUMNS FROM `yoshop_article_category` [ RunTime:0.061383s ]
[ sql ] [ SQL ] SELECT COUNT(*) AS tp_count FROM `yoshop_article` WHERE  `yoshop_article`.`wxapp_id` = '10001'  AND `article_status` = 1  AND `is_delete` = 0 LIMIT 1 [ RunTime:0.059898s ]
[ sql ] [ SQL ] SELECT `article_id`,`article_title`,`show_type`,`category_id`,`image_id`,`article_sort`,`article_status`,`virtual_views`,`actual_views`,`is_delete`,`wxapp_id`,`create_time`,`update_time` FROM `yoshop_article` WHERE  `yoshop_article`.`wxapp_id` = '10001'  AND `article_status` = 1  AND `is_delete` = 0 ORDER BY `article_sort` ASC,`create_time` DESC LIMIT 0,6 [ RunTime:0.059728s ]
[ sql ] [ SQL ] SHOW COLUMNS FROM `yoshop_merchant_setting` [ RunTime:0.059923s ]
[ sql ] [ SQL ] SELECT * FROM `yoshop_merchant_setting` WHERE  `key` = 'basic' LIMIT 1 [ RunTime:0.090449s ]
[ sql ] [ SQL ] SHOW COLUMNS FROM `yoshop_merchant_active` [ RunTime:0.060318s ]
[ sql ] [ SQL ] SELECT `active_id` FROM `yoshop_merchant_active` WHERE  `city_id` = 1047 GROUP BY `active_id` [ RunTime:0.059642s ]
[ sql ] [ SQL ] SHOW COLUMNS FROM `yoshop_coupon` [ RunTime:0.059908s ]
[ sql ] [ SQL ] SELECT * FROM `yoshop_coupon` WHERE  ( `yoshop_coupon`.`wxapp_id` = '10001' AND `yoshop_coupon`.`wxapp_id` = '10001' AND `yoshop_coupon`.`wxapp_id` = '10001' )  AND `is_delete` = 0  AND (  	IF ( `total_num` > - 1, `receive_num` < `total_num`, 1 = 1 ) )  AND (  IF ( `expire_type` = 20, (`end_time` + 86400) >= 1594803446, 1 = 1 ) )  AND `supplier_id` IN (10032) OR `supplier_id` = 0 ORDER BY `sort` ASC,`create_time` DESC LIMIT 5 [ RunTime:0.060187s ]
[ sql ] [ SQL ] SHOW COLUMNS FROM `yoshop_goods` [ RunTime:0.060298s ]
[ sql ] [ SQL ] SHOW COLUMNS FROM `yoshop_category` [ RunTime:0.059907s ]
[ sql ] [ SQL ] SELECT `goods_id`,`goods_name`,`selling_point`,`category_id`,`spec_type`,`deduct_stock_type`,`sales_initial`,`sales_actual`,`goods_sort`,`delivery_id`,`is_points_gift`,`is_points_discount`,`is_enable_grade`,`is_alone_grade`,`alone_grade_equity`,`is_ind_dealer`,`dealer_money_type`,`first_money`,`second_money`,`third_money`,`goods_status`,`is_delete`,`wxapp_id`,`create_time`,`update_time`,`supplier_id` FROM `yoshop_goods` WHERE  ( `yoshop_goods`.`wxapp_id` = '10001' AND `yoshop_goods`.`wxapp_id` = '10001' )  AND `goods_id` IN (10087,10085,10084,10086,10083)  AND `goods_status` = 10 ORDER BY field(goods_id, 10087,10085,10084,10086,10083) [ RunTime:0.060569s ]
[ sql ] [ SQL ] SELECT * FROM `yoshop_category` WHERE  `yoshop_category`.`wxapp_id` = '10001'  AND `category_id` IN (10056) [ RunTime:0.060294s ]
[ sql ] [ SQL ] SHOW COLUMNS FROM `yoshop_goods_image` [ RunTime:0.060978s ]
[ sql ] [ SQL ] SELECT * FROM `yoshop_goods_image` WHERE  `yoshop_goods_image`.`wxapp_id` = '10001'  AND `goods_id` IN (10087,10085,10084,10086,10083) ORDER BY `id` ASC [ RunTime:0.060118s ]
[ sql ] [ SQL ] SHOW COLUMNS FROM `yoshop_upload_file` [ RunTime:0.060681s ]
[ sql ] [ SQL ] SELECT * FROM `yoshop_upload_file` WHERE  `yoshop_upload_file`.`wxapp_id` = '10001'  AND `file_id` IN (10257,10256,10255,10254,10253) [ RunTime:0.060247s ]
[ sql ] [ SQL ] SHOW COLUMNS FROM `yoshop_goods_sku` [ RunTime:0.060241s ]
[ sql ] [ SQL ] SELECT * FROM `yoshop_goods_sku` WHERE  `yoshop_goods_sku`.`wxapp_id` = '10001'  AND `goods_id` IN (10087,10085,10084,10086,10083) ORDER BY `goods_sku_id` ASC [ RunTime:0.060073s ]
---------------------------------------------------------------
[ 2020-07-15T16:57:35+08:00 ] 127.0.0.1 POST www.shop215.cc/index.php?s=/api/supplier/getSupplierSetting
[ sql ] [ DB ] CONNECT:[ UseTime:0.064065s ] mysql:host=47.104.188.74;port=3306;dbname=shop215_qiweido;charset=utf8
[ sql ] [ SQL ] SHOW COLUMNS FROM `yoshop_wxapp` [ RunTime:0.042995s ]
[ sql ] [ SQL ] SELECT * FROM `yoshop_wxapp` WHERE  `yoshop_wxapp`.`wxapp_id` = '10001'  AND `wxapp_id` = 10001 LIMIT 1 [ RunTime:0.042239s ]
---------------------------------------------------------------
[ 2020-07-15T16:57:35+08:00 ] 127.0.0.1 POST www.shop215.cc/index.php?s=/api/ccity/cinfo
[ sql ] [ DB ] CONNECT:[ UseTime:0.098576s ] mysql:host=47.104.188.74;port=3306;dbname=shop215_qiweido;charset=utf8
[ sql ] [ SQL ] SHOW COLUMNS FROM `yoshop_wxapp` [ RunTime:0.065840s ]
[ sql ] [ SQL ] SELECT * FROM `yoshop_wxapp` WHERE  `yoshop_wxapp`.`wxapp_id` = '10001'  AND `wxapp_id` = 10001 LIMIT 1 [ RunTime:0.065663s ]
---------------------------------------------------------------
[ 2020-07-15T16:57:37+08:00 ] 127.0.0.1 GET www.shop215.cc/index.php?s=/api/page/index&page_id=0&wxapp_id=10001&cityId=1047&cityName=%E5%90%88%E8%82%A5%E5%B8%82&token=8ea05e0ee04c40954500fd18e8b1d0a7
[ sql ] [ DB ] CONNECT:[ UseTime:0.083852s ] mysql:host=47.104.188.74;port=3306;dbname=shop215_qiweido;charset=utf8
[ sql ] [ SQL ] SHOW COLUMNS FROM `yoshop_wxapp` [ RunTime:0.056203s ]
[ sql ] [ SQL ] SELECT * FROM `yoshop_wxapp` WHERE  `yoshop_wxapp`.`wxapp_id` = '10001'  AND `wxapp_id` = 10001 LIMIT 1 [ RunTime:0.055982s ]
[ sql ] [ SQL ] SHOW COLUMNS FROM `yoshop_user` [ RunTime:0.056004s ]
[ sql ] [ SQL ] SHOW COLUMNS FROM `yoshop_user_address` [ RunTime:0.056382s ]
[ sql ] [ SQL ] SHOW COLUMNS FROM `yoshop_user_grade` [ RunTime:0.056088s ]
[ sql ] [ SQL ] SELECT * FROM `yoshop_user` WHERE  `yoshop_user`.`wxapp_id` = '10001'  AND `is_delete` = 0  AND `open_id` IS NULL LIMIT 1 [ RunTime:0.055918s ]
[ sql ] [ SQL ] SHOW COLUMNS FROM `yoshop_wxapp_page` [ RunTime:0.055607s ]
[ sql ] [ SQL ] SELECT * FROM `yoshop_wxapp_page` WHERE  `yoshop_wxapp_page`.`wxapp_id` = '10001'  AND `page_type` = 10 LIMIT 1 [ RunTime:0.055438s ]
[ sql ] [ SQL ] SHOW COLUMNS FROM `yoshop_article` [ RunTime:0.055617s ]
[ sql ] [ SQL ] SHOW COLUMNS FROM `yoshop_article_category` [ RunTime:0.055840s ]
[ sql ] [ SQL ] SELECT COUNT(*) AS tp_count FROM `yoshop_article` WHERE  `yoshop_article`.`wxapp_id` = '10001'  AND `article_status` = 1  AND `is_delete` = 0 LIMIT 1 [ RunTime:0.055575s ]
[ sql ] [ SQL ] SELECT `article_id`,`article_title`,`show_type`,`category_id`,`image_id`,`article_sort`,`article_status`,`virtual_views`,`actual_views`,`is_delete`,`wxapp_id`,`create_time`,`update_time` FROM `yoshop_article` WHERE  `yoshop_article`.`wxapp_id` = '10001'  AND `article_status` = 1  AND `is_delete` = 0 ORDER BY `article_sort` ASC,`create_time` DESC LIMIT 0,6 [ RunTime:0.055693s ]
[ sql ] [ SQL ] SHOW COLUMNS FROM `yoshop_merchant_setting` [ RunTime:0.055496s ]
[ sql ] [ SQL ] SELECT * FROM `yoshop_merchant_setting` WHERE  `key` = 'basic' LIMIT 1 [ RunTime:0.083540s ]
[ sql ] [ SQL ] SHOW COLUMNS FROM `yoshop_merchant_active` [ RunTime:0.055710s ]
[ sql ] [ SQL ] SELECT `active_id` FROM `yoshop_merchant_active` WHERE  `city_id` = 1047 GROUP BY `active_id` [ RunTime:0.057719s ]
[ sql ] [ SQL ] SHOW COLUMNS FROM `yoshop_coupon` [ RunTime:0.087531s ]
[ sql ] [ SQL ] SELECT * FROM `yoshop_coupon` WHERE  ( `yoshop_coupon`.`wxapp_id` = '10001' AND `yoshop_coupon`.`wxapp_id` = '10001' AND `yoshop_coupon`.`wxapp_id` = '10001' )  AND `is_delete` = 0  AND (  	IF ( `total_num` > - 1, `receive_num` < `total_num`, 1 = 1 ) )  AND (  IF ( `expire_type` = 20, (`end_time` + 86400) >= 1594803456, 1 = 1 ) )  AND `supplier_id` IN (10032) OR `supplier_id` = 0 ORDER BY `sort` ASC,`create_time` DESC LIMIT 5 [ RunTime:0.055412s ]
[ sql ] [ SQL ] SHOW COLUMNS FROM `yoshop_goods` [ RunTime:0.055728s ]
[ sql ] [ SQL ] SHOW COLUMNS FROM `yoshop_category` [ RunTime:0.055648s ]
[ sql ] [ SQL ] SELECT `goods_id`,`goods_name`,`selling_point`,`category_id`,`spec_type`,`deduct_stock_type`,`sales_initial`,`sales_actual`,`goods_sort`,`delivery_id`,`is_points_gift`,`is_points_discount`,`is_enable_grade`,`is_alone_grade`,`alone_grade_equity`,`is_ind_dealer`,`dealer_money_type`,`first_money`,`second_money`,`third_money`,`goods_status`,`is_delete`,`wxapp_id`,`create_time`,`update_time`,`supplier_id` FROM `yoshop_goods` WHERE  ( `yoshop_goods`.`wxapp_id` = '10001' AND `yoshop_goods`.`wxapp_id` = '10001' )  AND `goods_id` IN (10087,10085,10084,10086,10083)  AND `goods_status` = 10 ORDER BY field(goods_id, 10087,10085,10084,10086,10083) [ RunTime:0.056212s ]
[ sql ] [ SQL ] SELECT * FROM `yoshop_category` WHERE  `yoshop_category`.`wxapp_id` = '10001'  AND `category_id` IN (10056) [ RunTime:0.055333s ]
[ sql ] [ SQL ] SHOW COLUMNS FROM `yoshop_goods_image` [ RunTime:0.055300s ]
[ sql ] [ SQL ] SELECT * FROM `yoshop_goods_image` WHERE  `yoshop_goods_image`.`wxapp_id` = '10001'  AND `goods_id` IN (10087,10085,10084,10086,10083) ORDER BY `id` ASC [ RunTime:0.055369s ]
[ sql ] [ SQL ] SHOW COLUMNS FROM `yoshop_upload_file` [ RunTime:0.055463s ]
[ sql ] [ SQL ] SELECT * FROM `yoshop_upload_file` WHERE  `yoshop_upload_file`.`wxapp_id` = '10001'  AND `file_id` IN (10257,10256,10255,10254,10253) [ RunTime:0.055871s ]
[ sql ] [ SQL ] SHOW COLUMNS FROM `yoshop_goods_sku` [ RunTime:0.056063s ]
[ sql ] [ SQL ] SELECT * FROM `yoshop_goods_sku` WHERE  `yoshop_goods_sku`.`wxapp_id` = '10001'  AND `goods_id` IN (10087,10085,10084,10086,10083) ORDER BY `goods_sku_id` ASC [ RunTime:0.055846s ]
---------------------------------------------------------------
[ 2020-07-15T16:57:37+08:00 ] 127.0.0.1 GET www.shop215.cc/index.php?s=/api/page/index&page_id=0&wxapp_id=10001&cityId=1047&cityName=%E5%90%88%E8%82%A5%E5%B8%82&token=8ea05e0ee04c40954500fd18e8b1d0a7
[ sql ] [ DB ] CONNECT:[ UseTime:0.061478s ] mysql:host=47.104.188.74;port=3306;dbname=shop215_qiweido;charset=utf8
[ sql ] [ SQL ] SHOW COLUMNS FROM `yoshop_wxapp` [ RunTime:0.041240s ]
[ sql ] [ SQL ] SELECT * FROM `yoshop_wxapp` WHERE  `yoshop_wxapp`.`wxapp_id` = '10001'  AND `wxapp_id` = 10001 LIMIT 1 [ RunTime:0.041280s ]
[ sql ] [ SQL ] SHOW COLUMNS FROM `yoshop_user` [ RunTime:0.041809s ]
[ sql ] [ SQL ] SHOW COLUMNS FROM `yoshop_user_address` [ RunTime:0.040882s ]
[ sql ] [ SQL ] SHOW COLUMNS FROM `yoshop_user_grade` [ RunTime:0.041054s ]
[ sql ] [ SQL ] SELECT * FROM `yoshop_user` WHERE  `yoshop_user`.`wxapp_id` = '10001'  AND `is_delete` = 0  AND `open_id` IS NULL LIMIT 1 [ RunTime:0.040860s ]
[ sql ] [ SQL ] SHOW COLUMNS FROM `yoshop_wxapp_page` [ RunTime:0.042811s ]
[ sql ] [ SQL ] SELECT * FROM `yoshop_wxapp_page` WHERE  `yoshop_wxapp_page`.`wxapp_id` = '10001'  AND `page_type` = 10 LIMIT 1 [ RunTime:0.047743s ]
[ sql ] [ SQL ] SHOW COLUMNS FROM `yoshop_article` [ RunTime:0.076851s ]
[ sql ] [ SQL ] SHOW COLUMNS FROM `yoshop_article_category` [ RunTime:0.040788s ]
[ sql ] [ SQL ] SELECT COUNT(*) AS tp_count FROM `yoshop_article` WHERE  `yoshop_article`.`wxapp_id` = '10001'  AND `article_status` = 1  AND `is_delete` = 0 LIMIT 1 [ RunTime:0.040429s ]
[ sql ] [ SQL ] SELECT `article_id`,`article_title`,`show_type`,`category_id`,`image_id`,`article_sort`,`article_status`,`virtual_views`,`actual_views`,`is_delete`,`wxapp_id`,`create_time`,`update_time` FROM `yoshop_article` WHERE  `yoshop_article`.`wxapp_id` = '10001'  AND `article_status` = 1  AND `is_delete` = 0 ORDER BY `article_sort` ASC,`create_time` DESC LIMIT 0,6 [ RunTime:0.040680s ]
[ sql ] [ SQL ] SHOW COLUMNS FROM `yoshop_merchant_setting` [ RunTime:0.040610s ]
[ sql ] [ SQL ] SELECT * FROM `yoshop_merchant_setting` WHERE  `key` = 'basic' LIMIT 1 [ RunTime:0.061486s ]
[ sql ] [ SQL ] SHOW COLUMNS FROM `yoshop_merchant_active` [ RunTime:0.040773s ]
[ sql ] [ SQL ] SELECT `active_id` FROM `yoshop_merchant_active` WHERE  `city_id` = 1047 GROUP BY `active_id` [ RunTime:0.040507s ]
[ sql ] [ SQL ] SHOW COLUMNS FROM `yoshop_coupon` [ RunTime:0.040853s ]
[ sql ] [ SQL ] SELECT * FROM `yoshop_coupon` WHERE  ( `yoshop_coupon`.`wxapp_id` = '10001' AND `yoshop_coupon`.`wxapp_id` = '10001' AND `yoshop_coupon`.`wxapp_id` = '10001' )  AND `is_delete` = 0  AND (  	IF ( `total_num` > - 1, `receive_num` < `total_num`, 1 = 1 ) )  AND (  IF ( `expire_type` = 20, (`end_time` + 86400) >= 1594803456, 1 = 1 ) )  AND `supplier_id` IN (10032) OR `supplier_id` = 0 ORDER BY `sort` ASC,`create_time` DESC LIMIT 5 [ RunTime:0.040625s ]
[ sql ] [ SQL ] SHOW COLUMNS FROM `yoshop_goods` [ RunTime:0.040984s ]
[ sql ] [ SQL ] SHOW COLUMNS FROM `yoshop_category` [ RunTime:0.040765s ]
[ sql ] [ SQL ] SELECT `goods_id`,`goods_name`,`selling_point`,`category_id`,`spec_type`,`deduct_stock_type`,`sales_initial`,`sales_actual`,`goods_sort`,`delivery_id`,`is_points_gift`,`is_points_discount`,`is_enable_grade`,`is_alone_grade`,`alone_grade_equity`,`is_ind_dealer`,`dealer_money_type`,`first_money`,`second_money`,`third_money`,`goods_status`,`is_delete`,`wxapp_id`,`create_time`,`update_time`,`supplier_id` FROM `yoshop_goods` WHERE  ( `yoshop_goods`.`wxapp_id` = '10001' AND `yoshop_goods`.`wxapp_id` = '10001' )  AND `goods_id` IN (10087,10085,10084,10086,10083)  AND `goods_status` = 10 ORDER BY field(goods_id, 10087,10085,10084,10086,10083) [ RunTime:0.041614s ]
[ sql ] [ SQL ] SELECT * FROM `yoshop_category` WHERE  `yoshop_category`.`wxapp_id` = '10001'  AND `category_id` IN (10056) [ RunTime:0.040937s ]
[ sql ] [ SQL ] SHOW COLUMNS FROM `yoshop_goods_image` [ RunTime:0.040993s ]
[ sql ] [ SQL ] SELECT * FROM `yoshop_goods_image` WHERE  `yoshop_goods_image`.`wxapp_id` = '10001'  AND `goods_id` IN (10087,10085,10084,10086,10083) ORDER BY `id` ASC [ RunTime:0.040929s ]
[ sql ] [ SQL ] SHOW COLUMNS FROM `yoshop_upload_file` [ RunTime:0.041830s ]
[ sql ] [ SQL ] SELECT * FROM `yoshop_upload_file` WHERE  `yoshop_upload_file`.`wxapp_id` = '10001'  AND `file_id` IN (10257,10256,10255,10254,10253) [ RunTime:0.041452s ]
[ sql ] [ SQL ] SHOW COLUMNS FROM `yoshop_goods_sku` [ RunTime:0.041325s ]
[ sql ] [ SQL ] SELECT * FROM `yoshop_goods_sku` WHERE  `yoshop_goods_sku`.`wxapp_id` = '10001'  AND `goods_id` IN (10087,10085,10084,10086,10083) ORDER BY `goods_sku_id` ASC [ RunTime:0.040691s ]
---------------------------------------------------------------
[ 2020-07-15T16:57:50+08:00 ] 127.0.0.1 POST www.shop215.cc/index.php?s=/api/supplier/getSupplierSetting
[ sql ] [ DB ] CONNECT:[ UseTime:0.078780s ] mysql:host=47.104.188.74;port=3306;dbname=shop215_qiweido;charset=utf8
[ sql ] [ SQL ] SHOW COLUMNS FROM `yoshop_wxapp` [ RunTime:0.052896s ]
[ sql ] [ SQL ] SELECT * FROM `yoshop_wxapp` WHERE  `yoshop_wxapp`.`wxapp_id` = '10001'  AND `wxapp_id` = 10001 LIMIT 1 [ RunTime:0.052769s ]
---------------------------------------------------------------
[ 2020-07-15T16:57:50+08:00 ] 127.0.0.1 POST www.shop215.cc/index.php?s=/api/ccity/cinfo
[ sql ] [ DB ] CONNECT:[ UseTime:0.078193s ] mysql:host=47.104.188.74;port=3306;dbname=shop215_qiweido;charset=utf8
[ sql ] [ SQL ] SHOW COLUMNS FROM `yoshop_wxapp` [ RunTime:0.051633s ]
[ sql ] [ SQL ] SELECT * FROM `yoshop_wxapp` WHERE  `yoshop_wxapp`.`wxapp_id` = '10001'  AND `wxapp_id` = 10001 LIMIT 1 [ RunTime:0.052183s ]
---------------------------------------------------------------
[ 2020-07-15T16:57:51+08:00 ] 127.0.0.1 GET www.shop215.cc/index.php?s=/api/page/index&page_id=0&wxapp_id=10001&cityId=1047&cityName=%E5%90%88%E8%82%A5%E5%B8%82&token=8ea05e0ee04c40954500fd18e8b1d0a7
[ sql ] [ DB ] CONNECT:[ UseTime:0.083462s ] mysql:host=47.104.188.74;port=3306;dbname=shop215_qiweido;charset=utf8
[ sql ] [ SQL ] SHOW COLUMNS FROM `yoshop_wxapp` [ RunTime:0.056086s ]
[ sql ] [ SQL ] SELECT * FROM `yoshop_wxapp` WHERE  `yoshop_wxapp`.`wxapp_id` = '10001'  AND `wxapp_id` = 10001 LIMIT 1 [ RunTime:0.056353s ]
[ sql ] [ SQL ] SHOW COLUMNS FROM `yoshop_user` [ RunTime:0.056192s ]
[ sql ] [ SQL ] SHOW COLUMNS FROM `yoshop_user_address` [ RunTime:0.055841s ]
[ sql ] [ SQL ] SHOW COLUMNS FROM `yoshop_user_grade` [ RunTime:0.055755s ]
[ sql ] [ SQL ] SELECT * FROM `yoshop_user` WHERE  `yoshop_user`.`wxapp_id` = '10001'  AND `is_delete` = 0  AND `open_id` IS NULL LIMIT 1 [ RunTime:0.056153s ]
[ sql ] [ SQL ] SHOW COLUMNS FROM `yoshop_wxapp_page` [ RunTime:0.055175s ]
[ sql ] [ SQL ] SELECT * FROM `yoshop_wxapp_page` WHERE  `yoshop_wxapp_page`.`wxapp_id` = '10001'  AND `page_type` = 10 LIMIT 1 [ RunTime:0.055351s ]
[ sql ] [ SQL ] SHOW COLUMNS FROM `yoshop_article` [ RunTime:0.055538s ]
[ sql ] [ SQL ] SHOW COLUMNS FROM `yoshop_article_category` [ RunTime:0.055039s ]
[ sql ] [ SQL ] SELECT COUNT(*) AS tp_count FROM `yoshop_article` WHERE  `yoshop_article`.`wxapp_id` = '10001'  AND `article_status` = 1  AND `is_delete` = 0 LIMIT 1 [ RunTime:0.055030s ]
[ sql ] [ SQL ] SELECT `article_id`,`article_title`,`show_type`,`category_id`,`image_id`,`article_sort`,`article_status`,`virtual_views`,`actual_views`,`is_delete`,`wxapp_id`,`create_time`,`update_time` FROM `yoshop_article` WHERE  `yoshop_article`.`wxapp_id` = '10001'  AND `article_status` = 1  AND `is_delete` = 0 ORDER BY `article_sort` ASC,`create_time` DESC LIMIT 0,6 [ RunTime:0.055168s ]
[ sql ] [ SQL ] SHOW COLUMNS FROM `yoshop_merchant_setting` [ RunTime:0.055193s ]
[ sql ] [ SQL ] SELECT * FROM `yoshop_merchant_setting` WHERE  `key` = 'basic' LIMIT 1 [ RunTime:0.083111s ]
[ sql ] [ SQL ] SHOW COLUMNS FROM `yoshop_merchant_active` [ RunTime:0.055690s ]
[ sql ] [ SQL ] SELECT `active_id` FROM `yoshop_merchant_active` WHERE  `city_id` = 1047 GROUP BY `active_id` [ RunTime:0.055234s ]
[ sql ] [ SQL ] SHOW COLUMNS FROM `yoshop_coupon` [ RunTime:0.055881s ]
[ sql ] [ SQL ] SELECT * FROM `yoshop_coupon` WHERE  ( `yoshop_coupon`.`wxapp_id` = '10001' AND `yoshop_coupon`.`wxapp_id` = '10001' AND `yoshop_coupon`.`wxapp_id` = '10001' )  AND `is_delete` = 0  AND (  	IF ( `total_num` > - 1, `receive_num` < `total_num`, 1 = 1 ) )  AND (  IF ( `expire_type` = 20, (`end_time` + 86400) >= 1594803471, 1 = 1 ) )  AND `supplier_id` IN (10032) OR `supplier_id` = 0 ORDER BY `sort` ASC,`create_time` DESC LIMIT 5 [ RunTime:0.055348s ]
[ sql ] [ SQL ] SHOW COLUMNS FROM `yoshop_goods` [ RunTime:0.055304s ]
[ sql ] [ SQL ] SHOW COLUMNS FROM `yoshop_category` [ RunTime:0.055193s ]
[ sql ] [ SQL ] SELECT `goods_id`,`goods_name`,`selling_point`,`category_id`,`spec_type`,`deduct_stock_type`,`sales_initial`,`sales_actual`,`goods_sort`,`delivery_id`,`is_points_gift`,`is_points_discount`,`is_enable_grade`,`is_alone_grade`,`alone_grade_equity`,`is_ind_dealer`,`dealer_money_type`,`first_money`,`second_money`,`third_money`,`goods_status`,`is_delete`,`wxapp_id`,`create_time`,`update_time`,`supplier_id` FROM `yoshop_goods` WHERE  ( `yoshop_goods`.`wxapp_id` = '10001' AND `yoshop_goods`.`wxapp_id` = '10001' )  AND `goods_id` IN (10087,10085,10084,10086,10083)  AND `goods_status` = 10 ORDER BY field(goods_id, 10087,10085,10084,10086,10083) [ RunTime:0.055494s ]
[ sql ] [ SQL ] SELECT * FROM `yoshop_category` WHERE  `yoshop_category`.`wxapp_id` = '10001'  AND `category_id` IN (10056) [ RunTime:0.054983s ]
[ sql ] [ SQL ] SHOW COLUMNS FROM `yoshop_goods_image` [ RunTime:0.055338s ]
[ sql ] [ SQL ] SELECT * FROM `yoshop_goods_image` WHERE  `yoshop_goods_image`.`wxapp_id` = '10001'  AND `goods_id` IN (10087,10085,10084,10086,10083) ORDER BY `id` ASC [ RunTime:0.054944s ]
[ sql ] [ SQL ] SHOW COLUMNS FROM `yoshop_upload_file` [ RunTime:0.055139s ]
[ sql ] [ SQL ] SELECT * FROM `yoshop_upload_file` WHERE  `yoshop_upload_file`.`wxapp_id` = '10001'  AND `file_id` IN (10257,10256,10255,10254,10253) [ RunTime:0.055655s ]
[ sql ] [ SQL ] SHOW COLUMNS FROM `yoshop_goods_sku` [ RunTime:0.055449s ]
[ sql ] [ SQL ] SELECT * FROM `yoshop_goods_sku` WHERE  `yoshop_goods_sku`.`wxapp_id` = '10001'  AND `goods_id` IN (10087,10085,10084,10086,10083) ORDER BY `goods_sku_id` ASC [ RunTime:0.055112s ]
---------------------------------------------------------------
[ 2020-07-15T16:57:52+08:00 ] 127.0.0.1 GET www.shop215.cc/index.php?s=/api/page/index&page_id=0&wxapp_id=10001&cityId=1047&cityName=%E5%90%88%E8%82%A5%E5%B8%82&token=8ea05e0ee04c40954500fd18e8b1d0a7
[ sql ] [ DB ] CONNECT:[ UseTime:0.063101s ] mysql:host=47.104.188.74;port=3306;dbname=shop215_qiweido;charset=utf8
[ sql ] [ SQL ] SHOW COLUMNS FROM `yoshop_wxapp` [ RunTime:0.042130s ]
[ sql ] [ SQL ] SELECT * FROM `yoshop_wxapp` WHERE  `yoshop_wxapp`.`wxapp_id` = '10001'  AND `wxapp_id` = 10001 LIMIT 1 [ RunTime:0.041884s ]
[ sql ] [ SQL ] SHOW COLUMNS FROM `yoshop_user` [ RunTime:0.041928s ]
[ sql ] [ SQL ] SHOW COLUMNS FROM `yoshop_user_address` [ RunTime:0.041518s ]
[ sql ] [ SQL ] SHOW COLUMNS FROM `yoshop_user_grade` [ RunTime:0.041466s ]
[ sql ] [ SQL ] SELECT * FROM `yoshop_user` WHERE  `yoshop_user`.`wxapp_id` = '10001'  AND `is_delete` = 0  AND `open_id` IS NULL LIMIT 1 [ RunTime:0.041909s ]
[ sql ] [ SQL ] SHOW COLUMNS FROM `yoshop_wxapp_page` [ RunTime:0.041479s ]
[ sql ] [ SQL ] SELECT * FROM `yoshop_wxapp_page` WHERE  `yoshop_wxapp_page`.`wxapp_id` = '10001'  AND `page_type` = 10 LIMIT 1 [ RunTime:0.041600s ]
[ sql ] [ SQL ] SHOW COLUMNS FROM `yoshop_article` [ RunTime:0.041576s ]
[ sql ] [ SQL ] SHOW COLUMNS FROM `yoshop_article_category` [ RunTime:0.041564s ]
[ sql ] [ SQL ] SELECT COUNT(*) AS tp_count FROM `yoshop_article` WHERE  `yoshop_article`.`wxapp_id` = '10001'  AND `article_status` = 1  AND `is_delete` = 0 LIMIT 1 [ RunTime:0.041414s ]
[ sql ] [ SQL ] SELECT `article_id`,`article_title`,`show_type`,`category_id`,`image_id`,`article_sort`,`article_status`,`virtual_views`,`actual_views`,`is_delete`,`wxapp_id`,`create_time`,`update_time` FROM `yoshop_article` WHERE  `yoshop_article`.`wxapp_id` = '10001'  AND `article_status` = 1  AND `is_delete` = 0 ORDER BY `article_sort` ASC,`create_time` DESC LIMIT 0,6 [ RunTime:0.041661s ]
[ sql ] [ SQL ] SHOW COLUMNS FROM `yoshop_merchant_setting` [ RunTime:0.041557s ]
[ sql ] [ SQL ] SELECT * FROM `yoshop_merchant_setting` WHERE  `key` = 'basic' LIMIT 1 [ RunTime:0.062206s ]
[ sql ] [ SQL ] SHOW COLUMNS FROM `yoshop_merchant_active` [ RunTime:0.041467s ]
[ sql ] [ SQL ] SELECT `active_id` FROM `yoshop_merchant_active` WHERE  `city_id` = 1047 GROUP BY `active_id` [ RunTime:0.041239s ]
[ sql ] [ SQL ] SHOW COLUMNS FROM `yoshop_coupon` [ RunTime:0.041729s ]
[ sql ] [ SQL ] SELECT * FROM `yoshop_coupon` WHERE  ( `yoshop_coupon`.`wxapp_id` = '10001' AND `yoshop_coupon`.`wxapp_id` = '10001' AND `yoshop_coupon`.`wxapp_id` = '10001' )  AND `is_delete` = 0  AND (  	IF ( `total_num` > - 1, `receive_num` < `total_num`, 1 = 1 ) )  AND (  IF ( `expire_type` = 20, (`end_time` + 86400) >= 1594803471, 1 = 1 ) )  AND `supplier_id` IN (10032) OR `supplier_id` = 0 ORDER BY `sort` ASC,`create_time` DESC LIMIT 5 [ RunTime:0.041555s ]
[ sql ] [ SQL ] SHOW COLUMNS FROM `yoshop_goods` [ RunTime:0.042018s ]
[ sql ] [ SQL ] SHOW COLUMNS FROM `yoshop_category` [ RunTime:0.041394s ]
[ sql ] [ SQL ] SELECT `goods_id`,`goods_name`,`selling_point`,`category_id`,`spec_type`,`deduct_stock_type`,`sales_initial`,`sales_actual`,`goods_sort`,`delivery_id`,`is_points_gift`,`is_points_discount`,`is_enable_grade`,`is_alone_grade`,`alone_grade_equity`,`is_ind_dealer`,`dealer_money_type`,`first_money`,`second_money`,`third_money`,`goods_status`,`is_delete`,`wxapp_id`,`create_time`,`update_time`,`supplier_id` FROM `yoshop_goods` WHERE  ( `yoshop_goods`.`wxapp_id` = '10001' AND `yoshop_goods`.`wxapp_id` = '10001' )  AND `goods_id` IN (10087,10085,10084,10086,10083)  AND `goods_status` = 10 ORDER BY field(goods_id, 10087,10085,10084,10086,10083) [ RunTime:0.041779s ]
[ sql ] [ SQL ] SELECT * FROM `yoshop_category` WHERE  `yoshop_category`.`wxapp_id` = '10001'  AND `category_id` IN (10056) [ RunTime:0.041534s ]
[ sql ] [ SQL ] SHOW COLUMNS FROM `yoshop_goods_image` [ RunTime:0.041832s ]
[ sql ] [ SQL ] SELECT * FROM `yoshop_goods_image` WHERE  `yoshop_goods_image`.`wxapp_id` = '10001'  AND `goods_id` IN (10087,10085,10084,10086,10083) ORDER BY `id` ASC [ RunTime:0.041400s ]
[ sql ] [ SQL ] SHOW COLUMNS FROM `yoshop_upload_file` [ RunTime:0.041600s ]
[ sql ] [ SQL ] SELECT * FROM `yoshop_upload_file` WHERE  `yoshop_upload_file`.`wxapp_id` = '10001'  AND `file_id` IN (10257,10256,10255,10254,10253) [ RunTime:0.041250s ]
[ sql ] [ SQL ] SHOW COLUMNS FROM `yoshop_goods_sku` [ RunTime:0.041439s ]
[ sql ] [ SQL ] SELECT * FROM `yoshop_goods_sku` WHERE  `yoshop_goods_sku`.`wxapp_id` = '10001'  AND `goods_id` IN (10087,10085,10084,10086,10083) ORDER BY `goods_sku_id` ASC [ RunTime:0.041492s ]
---------------------------------------------------------------
[ 2020-07-15T16:57:57+08:00 ] 127.0.0.1 GET www.shop215.cc/index.php?s=/api/user.index/detail&wxapp_id=10001&cityId=1047&cityName=%E5%90%88%E8%82%A5%E5%B8%82&token=8ea05e0ee04c40954500fd18e8b1d0a7
[ sql ] [ DB ] CONNECT:[ UseTime:0.096638s ] mysql:host=47.104.188.74;port=3306;dbname=shop215_qiweido;charset=utf8
[ sql ] [ SQL ] SHOW COLUMNS FROM `yoshop_wxapp` [ RunTime:0.062679s ]
[ sql ] [ SQL ] SELECT * FROM `yoshop_wxapp` WHERE  `yoshop_wxapp`.`wxapp_id` = '10001'  AND `wxapp_id` = 10001 LIMIT 1 [ RunTime:0.062420s ]
[ sql ] [ SQL ] SHOW COLUMNS FROM `yoshop_user` [ RunTime:0.062806s ]
[ sql ] [ SQL ] SHOW COLUMNS FROM `yoshop_user_address` [ RunTime:0.062913s ]
[ sql ] [ SQL ] SHOW COLUMNS FROM `yoshop_user_grade` [ RunTime:0.062265s ]
[ sql ] [ SQL ] SELECT * FROM `yoshop_user` WHERE  `yoshop_user`.`wxapp_id` = '10001'  AND `is_delete` = 0  AND `open_id` IS NULL LIMIT 1 [ RunTime:0.063095s ]
[ sql ] [ SQL ] SHOW COLUMNS FROM `yoshop_order` [ RunTime:0.063199s ]
[ sql ] [ SQL ] SELECT * FROM `yoshop_order` WHERE  ( `yoshop_order`.`wxapp_id` = '10001' AND `yoshop_order`.`wxapp_id` = '10001' )  AND `pay_status` = 10  AND `order_status` = 10  AND `create_time` <= 1594544277  AND `is_delete` = 0 [ RunTime:0.063063s ]
[ sql ] [ SQL ] SELECT `order_id` FROM `yoshop_order` WHERE  `yoshop_order`.`wxapp_id` = '10001'  AND `pay_status` = 20  AND `delivery_status` = 20  AND `receipt_status` = 10  AND `delivery_time` <= 1593939477 [ RunTime:0.061683s ]
[ sql ] [ SQL ] SELECT * FROM `yoshop_order` WHERE  `yoshop_order`.`wxapp_id` = '10001'  AND `order_status` = 30  AND `receipt_time` <= 1594630677  AND `is_settled` = 0  AND `is_delete` = 0 [ RunTime:0.063217s ]
[ sql ] [ SQL ] SHOW COLUMNS FROM `yoshop_sharp_setting` [ RunTime:0.062181s ]
[ sql ] [ SQL ] SELECT * FROM `yoshop_sharp_setting` WHERE  `yoshop_sharp_setting`.`wxapp_id` = '10001' [ RunTime:0.063382s ]
[ sql ] [ SQL ] SELECT * FROM `yoshop_order` WHERE  `yoshop_order`.`wxapp_id` = '10001'  AND `order_source` = 30  AND `pay_status` = 10  AND `order_status` = 10  AND `create_time` <= 1594802877  AND `is_delete` = 0 [ RunTime:0.062650s ]
---------------------------------------------------------------
[ 2020-07-15T16:58:00+08:00 ] 127.0.0.1 GET www.shop215.cc/index.php?s=/api/coupon/lists&wxapp_id=10001&cityId=1047&cityName=%E5%90%88%E8%82%A5%E5%B8%82&token=8ea05e0ee04c40954500fd18e8b1d0a7
[ sql ] [ DB ] CONNECT:[ UseTime:0.064602s ] mysql:host=47.104.188.74;port=3306;dbname=shop215_qiweido;charset=utf8
[ sql ] [ SQL ] SHOW COLUMNS FROM `yoshop_wxapp` [ RunTime:0.043181s ]
[ sql ] [ SQL ] SELECT * FROM `yoshop_wxapp` WHERE  `yoshop_wxapp`.`wxapp_id` = '10001'  AND `wxapp_id` = 10001 LIMIT 1 [ RunTime:0.042838s ]
[ sql ] [ SQL ] SHOW COLUMNS FROM `yoshop_user` [ RunTime:0.043212s ]
[ sql ] [ SQL ] SHOW COLUMNS FROM `yoshop_user_address` [ RunTime:0.042925s ]
[ sql ] [ SQL ] SHOW COLUMNS FROM `yoshop_user_grade` [ RunTime:0.043011s ]
[ sql ] [ SQL ] SELECT * FROM `yoshop_user` WHERE  `yoshop_user`.`wxapp_id` = '10001'  AND `is_delete` = 0  AND `open_id` IS NULL LIMIT 1 [ RunTime:0.042928s ]
[ sql ] [ SQL ] SHOW COLUMNS FROM `yoshop_merchant_setting` [ RunTime:0.042649s ]
[ sql ] [ SQL ] SELECT * FROM `yoshop_merchant_setting` WHERE  `key` = 'basic' LIMIT 1 [ RunTime:0.064426s ]
[ sql ] [ SQL ] SHOW COLUMNS FROM `yoshop_merchant_active` [ RunTime:0.042965s ]
[ sql ] [ SQL ] SELECT `active_id` FROM `yoshop_merchant_active` WHERE  `city_id` = 1047 GROUP BY `active_id` [ RunTime:0.042609s ]
[ sql ] [ SQL ] SHOW COLUMNS FROM `yoshop_coupon` [ RunTime:0.042731s ]
[ sql ] [ SQL ] SELECT * FROM `yoshop_coupon` WHERE  ( `yoshop_coupon`.`wxapp_id` = '10001' AND `yoshop_coupon`.`wxapp_id` = '10001' )  AND `is_delete` = 0  AND `supplier_id` IN (10032) OR `supplier_id` = 0 ORDER BY `sort` ASC,`create_time` DESC [ RunTime:0.042732s ]
---------------------------------------------------------------
[ 2020-07-15T16:58:04+08:00 ] 127.0.0.1 POST www.shop215.cc/index.php?s=/api/user.coupon/receive
[ sql ] [ DB ] CONNECT:[ UseTime:0.084054s ] mysql:host=47.104.188.74;port=3306;dbname=shop215_qiweido;charset=utf8
[ sql ] [ SQL ] SHOW COLUMNS FROM `yoshop_wxapp` [ RunTime:0.056453s ]
[ sql ] [ SQL ] SELECT * FROM `yoshop_wxapp` WHERE  `yoshop_wxapp`.`wxapp_id` = '10001'  AND `wxapp_id` = 10001 LIMIT 1 [ RunTime:0.055919s ]
[ sql ] [ SQL ] SHOW COLUMNS FROM `yoshop_user_coupon` [ RunTime:0.056483s ]
[ sql ] [ SQL ] SELECT `user_coupon_id` FROM `yoshop_user_coupon` WHERE  `yoshop_user_coupon`.`wxapp_id` = '10001'  AND `is_expire` = 0  AND `is_use` = 0  AND (  IF ( `expire_type` = 20,
                    (`end_time` + 86400) < 1594803484,
                    ( `create_time` + (`expire_day` * 86400)) < 1594803484 ) ) [ RunTime:0.055507s ]
[ sql ] [ SQL ] SHOW COLUMNS FROM `yoshop_user` [ RunTime:0.056324s ]
[ sql ] [ SQL ] SHOW COLUMNS FROM `yoshop_user_address` [ RunTime:0.055534s ]
[ sql ] [ SQL ] SHOW COLUMNS FROM `yoshop_user_grade` [ RunTime:0.055550s ]
[ sql ] [ SQL ] SELECT * FROM `yoshop_user` WHERE  `yoshop_user`.`wxapp_id` = '10001'  AND `is_delete` = 0  AND `open_id` IS NULL LIMIT 1 [ RunTime:0.055504s ]
---------------------------------------------------------------
[ 2020-07-15T16:58:07+08:00 ] 127.0.0.1 POST www.shop215.cc/index.php?s=/api/user/login
[ sql ] [ DB ] CONNECT:[ UseTime:0.092841s ] mysql:host=47.104.188.74;port=3306;dbname=shop215_qiweido;charset=utf8
[ sql ] [ SQL ] SHOW COLUMNS FROM `yoshop_wxapp` [ RunTime:0.061801s ]
[ sql ] [ SQL ] SELECT * FROM `yoshop_wxapp` WHERE  `yoshop_wxapp`.`wxapp_id` = '10001'  AND `wxapp_id` = 10001 LIMIT 1 [ RunTime:0.061673s ]
[ sql ] [ SQL ] SELECT * FROM `yoshop_wxapp` WHERE  `yoshop_wxapp`.`wxapp_id` = '10001'  AND `wxapp_id` = 10001 LIMIT 1 [ RunTime:0.061683s ]
[ sql ] [ SQL ] SHOW COLUMNS FROM `yoshop_user` [ RunTime:0.061846s ]
[ sql ] [ SQL ] SHOW COLUMNS FROM `yoshop_user_address` [ RunTime:0.061426s ]
[ sql ] [ SQL ] SELECT * FROM `yoshop_user` WHERE  `yoshop_user`.`wxapp_id` = '10001'  AND `is_delete` = 0  AND `open_id` = 'oMMkZ4w2dO5nI2VISkmIzQwu1WXk' LIMIT 1 [ RunTime:0.061709s ]
[ sql ] [ SQL ] SELECT * FROM `yoshop_user_address` WHERE  `yoshop_user_address`.`wxapp_id` = '10001'  AND `user_id` = 10009 [ RunTime:0.061267s ]
[ sql ] [ SQL ] SELECT * FROM `yoshop_user_address` WHERE  `yoshop_user_address`.`wxapp_id` = '10001'  AND `address_id` = 0 [ RunTime:0.061264s ]
[ sql ] [ SQL ] UPDATE `yoshop_user`  SET `update_time`=1594803487  WHERE  `yoshop_user`.`wxapp_id` = '10001'  AND `user_id` = 10009 [ RunTime:0.061035s ]
---------------------------------------------------------------
[ 2020-07-15T16:58:08+08:00 ] 127.0.0.1 GET www.shop215.cc/index.php?s=/api/coupon/lists&wxapp_id=10001&cityId=1047&cityName=%E5%90%88%E8%82%A5%E5%B8%82&token=ff0657fd165d4455d53bba2cb76acfd3
[ sql ] [ DB ] CONNECT:[ UseTime:0.075015s ] mysql:host=47.104.188.74;port=3306;dbname=shop215_qiweido;charset=utf8
[ sql ] [ SQL ] SHOW COLUMNS FROM `yoshop_wxapp` [ RunTime:0.050100s ]
[ sql ] [ SQL ] SELECT * FROM `yoshop_wxapp` WHERE  `yoshop_wxapp`.`wxapp_id` = '10001'  AND `wxapp_id` = 10001 LIMIT 1 [ RunTime:0.050224s ]
[ sql ] [ SQL ] SHOW COLUMNS FROM `yoshop_user` [ RunTime:0.050029s ]
[ sql ] [ SQL ] SHOW COLUMNS FROM `yoshop_user_address` [ RunTime:0.049898s ]
[ sql ] [ SQL ] SHOW COLUMNS FROM `yoshop_user_grade` [ RunTime:0.049664s ]
[ sql ] [ SQL ] SELECT * FROM `yoshop_user` WHERE  `yoshop_user`.`wxapp_id` = '10001'  AND `is_delete` = 0  AND `open_id` = 'oMMkZ4w2dO5nI2VISkmIzQwu1WXk' LIMIT 1 [ RunTime:0.049763s ]
[ sql ] [ SQL ] SELECT * FROM `yoshop_user_address` WHERE  `yoshop_user_address`.`wxapp_id` = '10001'  AND `user_id` = 10009 [ RunTime:0.049429s ]
[ sql ] [ SQL ] SELECT * FROM `yoshop_user_address` WHERE  `yoshop_user_address`.`wxapp_id` = '10001'  AND `address_id` = 0 [ RunTime:0.049390s ]
[ sql ] [ SQL ] SELECT * FROM `yoshop_user_grade` WHERE  `yoshop_user_grade`.`wxapp_id` = '10001'  AND `grade_id` = 0 [ RunTime:0.049485s ]
[ sql ] [ SQL ] SHOW COLUMNS FROM `yoshop_merchant_setting` [ RunTime:0.049781s ]
[ sql ] [ SQL ] SELECT * FROM `yoshop_merchant_setting` WHERE  `key` = 'basic' LIMIT 1 [ RunTime:0.075768s ]
[ sql ] [ SQL ] SHOW COLUMNS FROM `yoshop_merchant_active` [ RunTime:0.050155s ]
[ sql ] [ SQL ] SELECT `active_id` FROM `yoshop_merchant_active` WHERE  `city_id` = 1047 GROUP BY `active_id` [ RunTime:0.049467s ]
[ sql ] [ SQL ] SHOW COLUMNS FROM `yoshop_coupon` [ RunTime:0.050046s ]
[ sql ] [ SQL ] SELECT * FROM `yoshop_coupon` WHERE  ( `yoshop_coupon`.`wxapp_id` = '10001' AND `yoshop_coupon`.`wxapp_id` = '10001' )  AND `is_delete` = 0  AND `supplier_id` IN (10032) OR `supplier_id` = 0 ORDER BY `sort` ASC,`create_time` DESC [ RunTime:0.049874s ]
[ sql ] [ SQL ] SHOW COLUMNS FROM `yoshop_user_coupon` [ RunTime:0.049809s ]
[ sql ] [ SQL ] SELECT `coupon_id` FROM `yoshop_user_coupon` WHERE  `yoshop_user_coupon`.`wxapp_id` = '10001'  AND `user_id` = 10009 [ RunTime:0.049378s ]
---------------------------------------------------------------
[ 2020-07-15T16:58:11+08:00 ] 127.0.0.1 POST www.shop215.cc/index.php?s=/api/user.coupon/receive
[ sql ] [ DB ] CONNECT:[ UseTime:0.077925s ] mysql:host=47.104.188.74;port=3306;dbname=shop215_qiweido;charset=utf8
[ sql ] [ SQL ] SHOW COLUMNS FROM `yoshop_wxapp` [ RunTime:0.052352s ]
[ sql ] [ SQL ] SELECT * FROM `yoshop_wxapp` WHERE  `yoshop_wxapp`.`wxapp_id` = '10001'  AND `wxapp_id` = 10001 LIMIT 1 [ RunTime:0.052045s ]
[ sql ] [ SQL ] SHOW COLUMNS FROM `yoshop_user` [ RunTime:0.052256s ]
[ sql ] [ SQL ] SHOW COLUMNS FROM `yoshop_user_address` [ RunTime:0.051936s ]
[ sql ] [ SQL ] SHOW COLUMNS FROM `yoshop_user_grade` [ RunTime:0.051931s ]
[ sql ] [ SQL ] SELECT * FROM `yoshop_user` WHERE  `yoshop_user`.`wxapp_id` = '10001'  AND `is_delete` = 0  AND `open_id` = 'oMMkZ4w2dO5nI2VISkmIzQwu1WXk' LIMIT 1 [ RunTime:0.051875s ]
[ sql ] [ SQL ] SELECT * FROM `yoshop_user_address` WHERE  `yoshop_user_address`.`wxapp_id` = '10001'  AND `user_id` = 10009 [ RunTime:0.051429s ]
[ sql ] [ SQL ] SELECT * FROM `yoshop_user_address` WHERE  `yoshop_user_address`.`wxapp_id` = '10001'  AND `address_id` = 0 [ RunTime:0.051713s ]
[ sql ] [ SQL ] SELECT * FROM `yoshop_user_grade` WHERE  `yoshop_user_grade`.`wxapp_id` = '10001'  AND `grade_id` = 0 [ RunTime:0.051366s ]
---------------------------------------------------------------
[ 2020-07-15T16:59:15+08:00 ] 127.0.0.1 POST www.shop215.cc/index.php?s=/api/user.coupon/receive
[ sql ] [ DB ] CONNECT:[ UseTime:0.071356s ] mysql:host=47.104.188.74;port=3306;dbname=shop215_qiweido;charset=utf8
[ sql ] [ SQL ] SHOW COLUMNS FROM `yoshop_wxapp` [ RunTime:0.078522s ]
[ sql ] [ SQL ] SELECT * FROM `yoshop_wxapp` WHERE  `yoshop_wxapp`.`wxapp_id` = '10001'  AND `wxapp_id` = 10001 LIMIT 1 [ RunTime:0.044970s ]
[ sql ] [ SQL ] SHOW COLUMNS FROM `yoshop_user` [ RunTime:0.044873s ]
[ sql ] [ SQL ] SHOW COLUMNS FROM `yoshop_user_address` [ RunTime:0.044687s ]
[ sql ] [ SQL ] SHOW COLUMNS FROM `yoshop_user_grade` [ RunTime:0.044664s ]
[ sql ] [ SQL ] SELECT * FROM `yoshop_user` WHERE  `yoshop_user`.`wxapp_id` = '10001'  AND `is_delete` = 0  AND `open_id` = 'oMMkZ4w2dO5nI2VISkmIzQwu1WXk' LIMIT 1 [ RunTime:0.045331s ]
[ sql ] [ SQL ] SELECT * FROM `yoshop_user_address` WHERE  `yoshop_user_address`.`wxapp_id` = '10001'  AND `user_id` = 10009 [ RunTime:0.044964s ]
[ sql ] [ SQL ] SELECT * FROM `yoshop_user_address` WHERE  `yoshop_user_address`.`wxapp_id` = '10001'  AND `address_id` = 0 [ RunTime:0.044246s ]
[ sql ] [ SQL ] SELECT * FROM `yoshop_user_grade` WHERE  `yoshop_user_grade`.`wxapp_id` = '10001'  AND `grade_id` = 0 [ RunTime:0.044601s ]
[ sql ] [ SQL ] SHOW COLUMNS FROM `yoshop_coupon` [ RunTime:0.044590s ]
[ sql ] [ SQL ] SELECT * FROM `yoshop_coupon` WHERE  `yoshop_coupon`.`wxapp_id` = '10001'  AND `coupon_id` = 36 LIMIT 1 [ RunTime:0.045192s ]
[ sql ] [ SQL ] SHOW COLUMNS FROM `yoshop_user_coupon` [ RunTime:0.044560s ]
[ sql ] [ SQL ] SELECT `coupon_id` FROM `yoshop_user_coupon` WHERE  `yoshop_user_coupon`.`wxapp_id` = '10001'  AND `user_id` = 10009 [ RunTime:0.044402s ]
[ sql ] [ SQL ] INSERT INTO `yoshop_user_coupon` (`coupon_id` , `name` , `color` , `coupon_type` , `reduce_price` , `discount` , `min_price` , `expire_type` , `expire_day` , `start_time` , `end_time` , `apply_range` , `user_id` , `supplier_id` , `wxapp_id` , `create_time` , `update_time`) VALUES (36 , '' , 30 , 20 , 10 , 5 , 1 , 10 , 3 , 1594803555 , 1595062755 , 10 , 10009 , 0 , 10001 , 1594803555 , 1594803555) [ RunTime:0.044381s ]
[ sql ] [ SQL ] UPDATE `yoshop_coupon`  SET `receive_num`=`receive_num`+1  WHERE  `coupon_id` = 36 [ RunTime:0.044664s ]
---------------------------------------------------------------
[ 2020-07-15T16:59:16+08:00 ] 127.0.0.1 GET www.shop215.cc/index.php?s=/api/coupon/lists&wxapp_id=10001&cityId=1047&cityName=%E5%90%88%E8%82%A5%E5%B8%82&token=ff0657fd165d4455d53bba2cb76acfd3
[ sql ] [ DB ] CONNECT:[ UseTime:0.062717s ] mysql:host=47.104.188.74;port=3306;dbname=shop215_qiweido;charset=utf8
[ sql ] [ SQL ] SHOW COLUMNS FROM `yoshop_wxapp` [ RunTime:0.042080s ]
[ sql ] [ SQL ] SELECT * FROM `yoshop_wxapp` WHERE  `yoshop_wxapp`.`wxapp_id` = '10001'  AND `wxapp_id` = 10001 LIMIT 1 [ RunTime:0.041500s ]
[ sql ] [ SQL ] SHOW COLUMNS FROM `yoshop_user` [ RunTime:0.041633s ]
[ sql ] [ SQL ] SHOW COLUMNS FROM `yoshop_user_address` [ RunTime:0.041639s ]
[ sql ] [ SQL ] SHOW COLUMNS FROM `yoshop_user_grade` [ RunTime:0.041637s ]
[ sql ] [ SQL ] SELECT * FROM `yoshop_user` WHERE  `yoshop_user`.`wxapp_id` = '10001'  AND `is_delete` = 0  AND `open_id` = 'oMMkZ4w2dO5nI2VISkmIzQwu1WXk' LIMIT 1 [ RunTime:0.041866s ]
[ sql ] [ SQL ] SELECT * FROM `yoshop_user_address` WHERE  `yoshop_user_address`.`wxapp_id` = '10001'  AND `user_id` = 10009 [ RunTime:0.041207s ]
[ sql ] [ SQL ] SELECT * FROM `yoshop_user_address` WHERE  `yoshop_user_address`.`wxapp_id` = '10001'  AND `address_id` = 0 [ RunTime:0.041132s ]
[ sql ] [ SQL ] SELECT * FROM `yoshop_user_grade` WHERE  `yoshop_user_grade`.`wxapp_id` = '10001'  AND `grade_id` = 0 [ RunTime:0.041113s ]
[ sql ] [ SQL ] SHOW COLUMNS FROM `yoshop_merchant_setting` [ RunTime:0.041164s ]
[ sql ] [ SQL ] SELECT * FROM `yoshop_merchant_setting` WHERE  `key` = 'basic' LIMIT 1 [ RunTime:0.062223s ]
[ sql ] [ SQL ] SHOW COLUMNS FROM `yoshop_merchant_active` [ RunTime:0.041714s ]
[ sql ] [ SQL ] SELECT `active_id` FROM `yoshop_merchant_active` WHERE  `city_id` = 1047 GROUP BY `active_id` [ RunTime:0.041482s ]
[ sql ] [ SQL ] SHOW COLUMNS FROM `yoshop_coupon` [ RunTime:0.041486s ]
[ sql ] [ SQL ] SELECT * FROM `yoshop_coupon` WHERE  ( `yoshop_coupon`.`wxapp_id` = '10001' AND `yoshop_coupon`.`wxapp_id` = '10001' )  AND `is_delete` = 0  AND `supplier_id` IN (10032) OR `supplier_id` = 0 ORDER BY `sort` ASC,`create_time` DESC [ RunTime:0.041415s ]
[ sql ] [ SQL ] SHOW COLUMNS FROM `yoshop_user_coupon` [ RunTime:0.041268s ]
[ sql ] [ SQL ] SELECT `coupon_id` FROM `yoshop_user_coupon` WHERE  `yoshop_user_coupon`.`wxapp_id` = '10001'  AND `user_id` = 10009 [ RunTime:0.040703s ]
